# JRE version: Java(TM) SE Runtime Environment (8.0_181-b13) (build 1.8.0_181-b13)
# Java VM: Java HotSpot(TM) 64-Bit Server VM (25.181-b13 mixed mode windows-amd64 compressed oops)
Heap:
 PSYoungGen      total 485376K, used 222150K [0x00000000e0000000, 0x00000000ffd00000, 0x0000000100000000)
  eden space 450560K, 45% used [0x00000000e0000000,0x00000000ec870008,0x00000000fb800000)
  from space 34816K, 48% used [0x00000000fd980000,0x00000000fea01ab8,0x00000000ffb80000)
  to   space 34304K, 0% used [0x00000000fb800000,0x00000000fb800000,0x00000000fd980000)
 ParOldGen       total 472576K, used 426758K [0x00000000a0000000, 0x00000000bcd80000, 0x00000000e0000000)
  object space 472576K, 90% used [0x00000000a0000000,0x00000000ba0c1b00,0x00000000bcd80000)
 Metaspace       used 119667K, capacity 127842K, committed 146688K, reserved 1177600K
  class space    used 15083K, capacity 16504K, committed 18688K, reserved 1048576K
GC Heap History (10 events):
Event: 28678.849 GC heap before
{Heap before GC invocations=237 (full 23):
 PSYoungGen      total 476160K, used 445993K [0x00000000e0000000, 0x00000000ffb00000, 0x0000000100000000)
  eden space 433664K, 100% used [0x00000000e0000000,0x00000000fa780000,0x00000000fa780000)
  from space 42496K, 29% used [0x00000000fa780000,0x00000000fb38a748,0x00000000fd100000)
  to   space 39424K, 0% used [0x00000000fd480000,0x00000000fd480000,0x00000000ffb00000)
 ParOldGen       total 472576K, used 375747K [0x00000000a0000000, 0x00000000bcd80000, 0x00000000e0000000)
  object space 472576K, 79% used [0x00000000a0000000,0x00000000b6ef0f68,0x00000000bcd80000)
 Metaspace       used 119615K, capacity 127778K, committed 146688K, reserved 1177600K
  class space    used 15080K, capacity 16504K, committed 18688K, reserved 1048576K
Event: 28678.926 GC heap after
Heap after GC invocations=237 (full 23):
 PSYoungGen      total 478720K, used 21780K [0x00000000e0000000, 0x00000000fff00000, 0x0000000100000000)
  eden space 439296K, 0% used [0x00000000e0000000,0x00000000e0000000,0x00000000fad00000)
  from space 39424K, 55% used [0x00000000fd480000,0x00000000fe9c5000,0x00000000ffb00000)
  to   space 40448K, 0% used [0x00000000fad00000,0x00000000fad00000,0x00000000fd480000)
 ParOldGen       total 472576K, used 386276K [0x00000000a0000000, 0x00000000bcd80000, 0x00000000e0000000)
  object space 472576K, 81% used [0x00000000a0000000,0x00000000b7939258,0x00000000bcd80000)
 Metaspace       used 119615K, capacity 127778K, committed 146688K, reserved 1177600K
  class space    used 15080K, capacity 16504K, committed 18688K, reserved 1048576K
}
Event: 28679.687 GC heap before
{Heap before GC invocations=238 (full 23):
 PSYoungGen      total 478720K, used 461076K [0x00000000e0000000, 0x00000000fff00000, 0x0000000100000000)
  eden space 439296K, 100% used [0x00000000e0000000,0x00000000fad00000,0x00000000fad00000)
  from space 39424K, 55% used [0x00000000fd480000,0x00000000fe9c5000,0x00000000ffb00000)
  to   space 40448K, 0% used [0x00000000fad00000,0x00000000fad00000,0x00000000fd480000)
 ParOldGen       total 472576K, used 386276K [0x00000000a0000000, 0x00000000bcd80000, 0x00000000e0000000)
  object space 472576K, 81% used [0x00000000a0000000,0x00000000b7939258,0x00000000bcd80000)
 Metaspace       used 119622K, capacity 127778K, committed 146688K, reserved 1177600K
  class space    used 15080K, capacity 16504K, committed 18688K, reserved 1048576K
Event: 28679.714 GC heap after
Heap after GC invocations=238 (full 23):
 PSYoungGen      total 479744K, used 12072K [0x00000000e0000000, 0x00000000ffc00000, 0x0000000100000000)
  eden space 439296K, 0% used [0x00000000e0000000,0x00000000e0000000,0x00000000fad00000)
  from space 40448K, 29% used [0x00000000fad00000,0x00000000fb8ca1f8,0x00000000fd480000)
  to   space 37888K, 0% used [0x00000000fd700000,0x00000000fd700000,0x00000000ffc00000)
 ParOldGen       total 472576K, used 403938K [0x00000000a0000000, 0x00000000bcd80000, 0x00000000e0000000)
  object space 472576K, 85% used [0x00000000a0000000,0x00000000b8a78a08,0x00000000bcd80000)
 Metaspace       used 119622K, capacity 127778K, committed 146688K, reserved 1177600K
  class space    used 15080K, capacity 16504K, committed 18688K, reserved 1048576K
}
Event: 28680.355 GC heap before
{Heap before GC invocations=239 (full 23):
 PSYoungGen      total 479744K, used 451368K [0x00000000e0000000, 0x00000000ffc00000, 0x0000000100000000)
  eden space 439296K, 100% used [0x00000000e0000000,0x00000000fad00000,0x00000000fad00000)
  from space 40448K, 29% used [0x00000000fad00000,0x00000000fb8ca1f8,0x00000000fd480000)
  to   space 37888K, 0% used [0x00000000fd700000,0x00000000fd700000,0x00000000ffc00000)
 ParOldGen       total 472576K, used 403938K [0x00000000a0000000, 0x00000000bcd80000, 0x00000000e0000000)
  object space 472576K, 85% used [0x00000000a0000000,0x00000000b8a78a08,0x00000000bcd80000)
 Metaspace       used 119643K, capacity 127778K, committed 146688K, reserved 1177600K
  class space    used 15083K, capacity 16504K, committed 18688K, reserved 1048576K
Event: 28680.385 GC heap after
Heap after GC invocations=239 (full 23):
 PSYoungGen      total 482816K, used 6683K [0x00000000e0000000, 0x00000000ffb80000, 0x0000000100000000)
  eden space 445440K, 0% used [0x00000000e0000000,0x00000000e0000000,0x00000000fb300000)
  from space 37376K, 17% used [0x00000000fd700000,0x00000000fdd86ea8,0x00000000ffb80000)
  to   space 36864K, 0% used [0x00000000fb300000,0x00000000fb300000,0x00000000fd700000)
 ParOldGen       total 472576K, used 412236K [0x00000000a0000000, 0x00000000bcd80000, 0x00000000e0000000)
  object space 472576K, 87% used [0x00000000a0000000,0x00000000b9293288,0x00000000bcd80000)
 Metaspace       used 119643K, capacity 127778K, committed 146688K, reserved 1177600K
  class space    used 15083K, capacity 16504K, committed 18688K, reserved 1048576K
}
Event: 28681.565 GC heap before
{Heap before GC invocations=240 (full 23):
 PSYoungGen      total 482816K, used 452123K [0x00000000e0000000, 0x00000000ffb80000, 0x0000000100000000)
  eden space 445440K, 100% used [0x00000000e0000000,0x00000000fb300000,0x00000000fb300000)
  from space 37376K, 17% used [0x00000000fd700000,0x00000000fdd86ea8,0x00000000ffb80000)
  to   space 36864K, 0% used [0x00000000fb300000,0x00000000fb300000,0x00000000fd700000)
 ParOldGen       total 472576K, used 412236K [0x00000000a0000000, 0x00000000bcd80000, 0x00000000e0000000)
  object space 472576K, 87% used [0x00000000a0000000,0x00000000b9293288,0x00000000bcd80000)
 Metaspace       used 119658K, capacity 127842K, committed 146688K, reserved 1177600K
  class space    used 15083K, capacity 16504K, committed 18688K, reserved 1048576K
Event: 28681.594 GC heap after
Heap after GC invocations=240 (full 23):
 PSYoungGen      total 482304K, used 9804K [0x00000000e0000000, 0x00000000ffb80000, 0x0000000100000000)
  eden space 445440K, 0% used [0x00000000e0000000,0x00000000e0000000,0x00000000fb300000)
  from space 36864K, 26% used [0x00000000fb300000,0x00000000fbc933a8,0x00000000fd700000)
  to   space 34816K, 0% used [0x00000000fd980000,0x00000000fd980000,0x00000000ffb80000)
 ParOldGen       total 472576K, used 417544K [0x00000000a0000000, 0x00000000bcd80000, 0x00000000e0000000)
  object space 472576K, 88% used [0x00000000a0000000,0x00000000b97c22e8,0x00000000bcd80000)
 Metaspace       used 119658K, capacity 127842K, committed 146688K, reserved 1177600K
  class space    used 15083K, capacity 16504K, committed 18688K, reserved 1048576K
}
Event: 28682.466 GC heap before
{Heap before GC invocations=241 (full 23):
 PSYoungGen      total 482304K, used 455244K [0x00000000e0000000, 0x00000000ffb80000, 0x0000000100000000)
  eden space 445440K, 100% used [0x00000000e0000000,0x00000000fb300000,0x00000000fb300000)
  from space 36864K, 26% used [0x00000000fb300000,0x00000000fbc933a8,0x00000000fd700000)
  to   space 34816K, 0% used [0x00000000fd980000,0x00000000fd980000,0x00000000ffb80000)
 ParOldGen       total 472576K, used 417713K [0x00000000a0000000, 0x00000000bcd80000, 0x00000000e0000000)
  object space 472576K, 88% used [0x00000000a0000000,0x00000000b97ec6f8,0x00000000bcd80000)
 Metaspace       used 119664K, capacity 127842K, committed 146688K, reserved 1177600K
  class space    used 15083K, capacity 16504K, committed 18688K, reserved 1048576K
Event: 28682.495 GC heap after
Heap after GC invocations=241 (full 23):
 PSYoungGen      total 485376K, used 16902K [0x00000000e0000000, 0x00000000ffd00000, 0x0000000100000000)
  eden space 450560K, 0% used [0x00000000e0000000,0x00000000e0000000,0x00000000fb800000)
  from space 34816K, 48% used [0x00000000fd980000,0x00000000fea01ab8,0x00000000ffb80000)
  to   space 34304K, 0% used [0x00000000fb800000,0x00000000fb800000,0x00000000fd980000)
 ParOldGen       total 472576K, used 426758K [0x00000000a0000000, 0x00000000bcd80000, 0x00000000e0000000)
  object space 472576K, 90% used [0x00000000a0000000,0x00000000ba0c1b00,0x00000000bcd80000)
 Metaspace       used 119664K, capacity 127842K, committed 146688K, reserved 1177600K
  class space    used 15083K, capacity 16504K, committed 18688K, reserved 1048576K
}

